C:\Users\hanse\go\pkg\mod\github.com\gin-gonic\gin@v1.10.0\response_writer.go:8:2: package bufio is not in std (C:\Users\hanse\go\pkg\mod\golang.org\toolchain@v0.0.1-go1.24.11.windows-amd64\src\bufio)
C:\Users\hanse\go\pkg\mod\github.com\gin-gonic\gin@v1.10.0\recovery.go:8:2: package bytes is not in std (C:\Users\hanse\go\pkg\mod\golang.org\toolchain@v0.0.1-go1.24.11.windows-amd64\src\bytes)
C:\Users\hanse\go\pkg\mod\github.com\gin-gonic\gin@v1.10.0\auth.go:8:2: package crypto/subtle is not in std (C:\Users\hanse\go\pkg\mod\golang.org\toolchain@v0.0.1-go1.24.11.windows-amd64\src\crypto\subtle)
C:\Users\hanse\go\pkg\mod\github.com\gin-gonic\gin@v1.10.0\auth.go:9:2: package encoding/base64 is not in std (C:\Users\hanse\go\pkg\mod\golang.org\toolchain@v0.0.1-go1.24.11.windows-amd64\src\encoding\base64)
C:\Users\hanse\go\pkg\mod\github.com\gin-gonic\gin@v1.10.0\utils.go:8:2: package encoding/xml is not in std (C:\Users\hanse\go\pkg\mod\golang.org\toolchain@v0.0.1-go1.24.11.windows-amd64\src\encoding\xml)
C:\Users\hanse\go\pkg\mod\github.com\gin-gonic\gin@v1.10.0\context.go:8:2: package errors is not in std (C:\Users\hanse\go\pkg\mod\golang.org\toolchain@v0.0.1-go1.24.11.windows-amd64\src\errors)
C:\Users\hanse\go\pkg\mod\github.com\gin-gonic\gin@v1.10.0\mode.go:8:2: package flag is not in std (C:\Users\hanse\go\pkg\mod\golang.org\toolchain@v0.0.1-go1.24.11.windows-amd64\src\flag)
C:\Users\hanse\go\pkg\mod\github.com\gin-gonic\gin@v1.10.0\debug.go:8:2: package fmt is not in std (C:\Users\hanse\go\pkg\mod\golang.org\toolchain@v0.0.1-go1.24.11.windows-amd64\src\fmt)
C:\Users\hanse\go\pkg\mod\github.com\gin-contrib\sse@v0.1.0\sse-encoder.go:8:2: package encoding/json is not in std (C:\Users\hanse\go\pkg\mod\golang.org\toolchain@v0.0.1-go1.24.11.windows-amd64\src\encoding\json)
C:\Users\hanse\go\pkg\mod\github.com\gin-contrib\sse@v0.1.0\sse-decoder.go:9:2: package io is not in std (C:\Users\hanse\go\pkg\mod\golang.org\toolchain@v0.0.1-go1.24.11.windows-amd64\src\io)
C:\Users\hanse\go\pkg\mod\github.com\gin-contrib\sse@v0.1.0\sse-decoder.go:10:2: package io/ioutil is not in std (C:\Users\hanse\go\pkg\mod\golang.org\toolchain@v0.0.1-go1.24.11.windows-amd64\src\io\ioutil)
C:\Users\hanse\go\pkg\mod\github.com\gin-contrib\sse@v0.1.0\sse-encoder.go:11:2: package net/http is not in std (C:\Users\hanse\go\pkg\mod\golang.org\toolchain@v0.0.1-go1.24.11.windows-amd64\src\net\http)
C:\Users\hanse\go\pkg\mod\github.com\gin-contrib\sse@v0.1.0\sse-encoder.go:12:2: package reflect is not in std (C:\Users\hanse\go\pkg\mod\golang.org\toolchain@v0.0.1-go1.24.11.windows-amd64\src\reflect)
C:\Users\hanse\go\pkg\mod\github.com\gin-contrib\sse@v0.1.0\sse-encoder.go:13:2: package strconv is not in std (C:\Users\hanse\go\pkg\mod\golang.org\toolchain@v0.0.1-go1.24.11.windows-amd64\src\strconv)
C:\Users\hanse\go\pkg\mod\github.com\gin-contrib\sse@v0.1.0\sse-encoder.go:14:2: package strings is not in std (C:\Users\hanse\go\pkg\mod\golang.org\toolchain@v0.0.1-go1.24.11.windows-amd64\src\strings)
C:\Users\hanse\go\pkg\mod\github.com\gin-gonic\gin@v1.10.0\internal\bytesconv\bytesconv_1.20.go:10:2: package unsafe is not in std (C:\Users\hanse\go\pkg\mod\golang.org\toolchain@v0.0.1-go1.24.11.windows-amd64\src\unsafe)
C:\Users\hanse\go\pkg\mod\github.com\go-playground\validator\v10@v10.23.0\baked_in.go:5:2: package context is not in std (C:\Users\hanse\go\pkg\mod\golang.org\toolchain@v0.0.1-go1.24.11.windows-amd64\src\context)
C:\Users\hanse\go\pkg\mod\github.com\go-playground\validator\v10@v10.23.0\baked_in.go:6:2: package crypto/sha256 is not in std (C:\Users\hanse\go\pkg\mod\golang.org\toolchain@v0.0.1-go1.24.11.windows-amd64\src\crypto\sha256)
C:\Users\hanse\go\pkg\mod\github.com\go-playground\validator\v10@v10.23.0\baked_in.go:7:2: package encoding/hex is not in std (C:\Users\hanse\go\pkg\mod\golang.org\toolchain@v0.0.1-go1.24.11.windows-amd64\src\encoding\hex)
C:\Users\hanse\go\pkg\mod\golang.org\x\net@v0.48.0\html\iter.go:9:8: package iter is not in std (C:\Users\hanse\go\pkg\mod\golang.org\toolchain@v0.0.1-go1.24.11.windows-amd64\src\iter)
C:\Users\hanse\go\pkg\mod\golang.org\x\net@v0.48.0\html\escape.go:10:2: package unicode/utf8 is not in std (C:\Users\hanse\go\pkg\mod\golang.org\toolchain@v0.0.1-go1.24.11.windows-amd64\src\unicode\utf8)
C:\Users\hanse\go\pkg\mod\github.com\gabriel-vasile\mimetype@v1.4.7\internal\magic\binary.go:5:2: package debug/macho is not in std (C:\Users\hanse\go\pkg\mod\golang.org\toolchain@v0.0.1-go1.24.11.windows-amd64\src\debug\macho)
C:\Users\hanse\go\pkg\mod\github.com\gabriel-vasile\mimetype@v1.4.7\internal\magic\archive.go:5:2: package encoding/binary is not in std (C:\Users\hanse\go\pkg\mod\golang.org\toolchain@v0.0.1-go1.24.11.windows-amd64\src\encoding\binary)
C:\Users\hanse\go\pkg\mod\github.com\gabriel-vasile\mimetype@v1.4.7\internal\magic\text_csv.go:6:2: package encoding/csv is not in std (C:\Users\hanse\go\pkg\mod\golang.org\toolchain@v0.0.1-go1.24.11.windows-amd64\src\encoding\csv)
C:\Users\hanse\go\pkg\mod\github.com\gabriel-vasile\mimetype@v1.4.7\internal\json\json.go:37:2: package sync is not in std (C:\Users\hanse\go\pkg\mod\golang.org\toolchain@v0.0.1-go1.24.11.windows-amd64\src\sync)
C:\Users\hanse\go\pkg\mod\github.com\gabriel-vasile\mimetype@v1.4.7\internal\magic\text.go:6:2: package time is not in std (C:\Users\hanse\go\pkg\mod\golang.org\toolchain@v0.0.1-go1.24.11.windows-amd64\src\time)
C:\Users\hanse\go\pkg\mod\github.com\gabriel-vasile\mimetype@v1.4.7\mime.go:4:2: package mime is not in std (C:\Users\hanse\go\pkg\mod\golang.org\toolchain@v0.0.1-go1.24.11.windows-amd64\src\mime)
C:\Users\hanse\go\pkg\mod\github.com\gabriel-vasile\mimetype@v1.4.7\mimetype.go:11:2: package os is not in std (C:\Users\hanse\go\pkg\mod\golang.org\toolchain@v0.0.1-go1.24.11.windows-amd64\src\os)
C:\Users\hanse\go\pkg\mod\github.com\gabriel-vasile\mimetype@v1.4.7\mimetype.go:12:2: package sync/atomic is not in std (C:\Users\hanse\go\pkg\mod\golang.org\toolchain@v0.0.1-go1.24.11.windows-amd64\src\sync\atomic)
C:\Users\hanse\go\pkg\mod\github.com\go-playground\universal-translator@v0.18.1\import_export.go:7:2: package path/filepath is not in std (C:\Users\hanse\go\pkg\mod\golang.org\toolchain@v0.0.1-go1.24.11.windows-amd64\src\path\filepath)
C:\Users\hanse\go\pkg\mod\golang.org\x\crypto@v0.46.0\sha3\hashes.go:13:2: package crypto/sha3 is not in std (C:\Users\hanse\go\pkg\mod\golang.org\toolchain@v0.0.1-go1.24.11.windows-amd64\src\crypto\sha3)
C:\Users\hanse\go\pkg\mod\golang.org\x\sys@v0.39.0\cpu\byteorder.go:8:2: package runtime is not in std (C:\Users\hanse\go\pkg\mod\golang.org\toolchain@v0.0.1-go1.24.11.windows-amd64\src\runtime)
C:\Users\hanse\go\pkg\mod\golang.org\x\crypto@v0.46.0\sha3\hashes.go:14:2: package hash is not in std (C:\Users\hanse\go\pkg\mod\golang.org\toolchain@v0.0.1-go1.24.11.windows-amd64\src\hash)
C:\Users\hanse\go\pkg\mod\golang.org\x\crypto@v0.46.0\sha3\legacy_keccakf.go:11:8: package math/bits is not in std (C:\Users\hanse\go\pkg\mod\golang.org\toolchain@v0.0.1-go1.24.11.windows-amd64\src\math\bits)
C:\Users\hanse\go\pkg\mod\golang.org\x\text@v0.32.0\internal\tag\tag.go:8:8: package sort is not in std (C:\Users\hanse\go\pkg\mod\golang.org\toolchain@v0.0.1-go1.24.11.windows-amd64\src\sort)
C:\Users\hanse\go\pkg\mod\github.com\go-playground\validator\v10@v10.23.0\baked_in.go:10:2: package io/fs is not in std (C:\Users\hanse\go\pkg\mod\golang.org\toolchain@v0.0.1-go1.24.11.windows-amd64\src\io\fs)
C:\Users\hanse\go\pkg\mod\github.com\go-playground\validator\v10@v10.23.0\baked_in.go:11:2: package net is not in std (C:\Users\hanse\go\pkg\mod\golang.org\toolchain@v0.0.1-go1.24.11.windows-amd64\src\net)
C:\Users\hanse\go\pkg\mod\github.com\go-playground\validator\v10@v10.23.0\baked_in.go:12:2: package net/url is not in std (C:\Users\hanse\go\pkg\mod\golang.org\toolchain@v0.0.1-go1.24.11.windows-amd64\src\net\url)
C:\Users\hanse\go\pkg\mod\github.com\go-playground\validator\v10@v10.23.0\postcode_regexes.go:4:2: package regexp is not in std (C:\Users\hanse\go\pkg\mod\golang.org\toolchain@v0.0.1-go1.24.11.windows-amd64\src\regexp)
C:\Users\hanse\go\pkg\mod\github.com\go-playground\validator\v10@v10.23.0\baked_in.go:18:2: package syscall is not in std (C:\Users\hanse\go\pkg\mod\golang.org\toolchain@v0.0.1-go1.24.11.windows-amd64\src\syscall)
C:\Users\hanse\go\pkg\mod\github.com\pelletier\go-toml\v2@v2.2.3\marshaler.go:5:2: package encoding is not in std (C:\Users\hanse\go\pkg\mod\golang.org\toolchain@v0.0.1-go1.24.11.windows-amd64\src\encoding)
C:\Users\hanse\go\pkg\mod\github.com\pelletier\go-toml\v2@v2.2.3\unstable\parser.go:6:2: package unicode is not in std (C:\Users\hanse\go\pkg\mod\golang.org\toolchain@v0.0.1-go1.24.11.windows-amd64\src\unicode)
C:\Users\hanse\go\pkg\mod\github.com\pelletier\go-toml\v2@v2.2.3\decode.go:5:2: package math is not in std (C:\Users\hanse\go\pkg\mod\golang.org\toolchain@v0.0.1-go1.24.11.windows-amd64\src\math)
C:\Users\hanse\go\pkg\mod\github.com\pelletier\go-toml\v2@v2.2.3\marshaler.go:11:2: package slices is not in std (C:\Users\hanse\go\pkg\mod\golang.org\toolchain@v0.0.1-go1.24.11.windows-amd64\src\slices)
C:\Users\hanse\go\pkg\mod\github.com\ugorji\go\codec@v1.2.12\msgpack.go:24:2: package net/rpc is not in std (C:\Users\hanse\go\pkg\mod\golang.org\toolchain@v0.0.1-go1.24.11.windows-amd64\src\net\rpc)
C:\Users\hanse\go\pkg\mod\github.com\ugorji\go\codec@v1.2.12\json.go:26:2: package unicode/utf16 is not in std (C:\Users\hanse\go\pkg\mod\golang.org\toolchain@v0.0.1-go1.24.11.windows-amd64\src\unicode\utf16)
C:\Users\hanse\go\pkg\mod\google.golang.org\protobuf@v1.36.10\internal\detrand\rand.go:14:2: package hash/fnv is not in std (C:\Users\hanse\go\pkg\mod\golang.org\toolchain@v0.0.1-go1.24.11.windows-amd64\src\hash\fnv)
C:\Users\hanse\go\pkg\mod\google.golang.org\protobuf@v1.36.10\internal\strs\strings.go:9:2: package go/token is not in std (C:\Users\hanse\go\pkg\mod\golang.org\toolchain@v0.0.1-go1.24.11.windows-amd64\src\go\token)
C:\Users\hanse\go\pkg\mod\github.com\gin-gonic\gin@v1.10.0\binding\form_mapping.go:10:2: package mime/multipart is not in std (C:\Users\hanse\go\pkg\mod\golang.org\toolchain@v0.0.1-go1.24.11.windows-amd64\src\mime\multipart)
C:\Users\hanse\go\pkg\mod\github.com\gin-gonic\gin@v1.10.0\binding\header.go:9:2: package net/textproto is not in std (C:\Users\hanse\go\pkg\mod\golang.org\toolchain@v0.0.1-go1.24.11.windows-amd64\src\net\textproto)
C:\Users\hanse\go\pkg\mod\github.com\gin-gonic\gin@v1.10.0\render\html.go:8:2: package html/template is not in std (C:\Users\hanse\go\pkg\mod\golang.org\toolchain@v0.0.1-go1.24.11.windows-amd64\src\html\template)
C:\Users\hanse\go\pkg\mod\golang.org\x\net@v0.48.0\http2\transport.go:12:2: package compress/flate is not in std (C:\Users\hanse\go\pkg\mod\golang.org\toolchain@v0.0.1-go1.24.11.windows-amd64\src\compress\flate)
C:\Users\hanse\go\pkg\mod\golang.org\x\net@v0.48.0\http2\transport.go:13:2: package compress/gzip is not in std (C:\Users\hanse\go\pkg\mod\golang.org\toolchain@v0.0.1-go1.24.11.windows-amd64\src\compress\gzip)
C:\Users\hanse\go\pkg\mod\golang.org\x\net@v0.48.0\http2\server.go:32:2: package crypto/rand is not in std (C:\Users\hanse\go\pkg\mod\golang.org\toolchain@v0.0.1-go1.24.11.windows-amd64\src\crypto\rand)
C:\Users\hanse\go\pkg\mod\golang.org\x\net@v0.48.0\http2\http2.go:18:2: package crypto/tls is not in std (C:\Users\hanse\go\pkg\mod\golang.org\toolchain@v0.0.1-go1.24.11.windows-amd64\src\crypto\tls)
C:\Users\hanse\go\pkg\mod\golang.org\x\text@v0.32.0\unicode\bidi\bracket.go:8:2: package container/list is not in std (C:\Users\hanse\go\pkg\mod\golang.org\toolchain@v0.0.1-go1.24.11.windows-amd64\src\container\list)
C:\Users\hanse\go\pkg\mod\golang.org\x\text@v0.32.0\unicode\bidi\core.go:9:2: package log is not in std (C:\Users\hanse\go\pkg\mod\golang.org\toolchain@v0.0.1-go1.24.11.windows-amd64\src\log)
C:\Users\hanse\go\pkg\mod\golang.org\x\net@v0.48.0\internal\httpcommon\request.go:11:2: package net/http/httptrace is not in std (C:\Users\hanse\go\pkg\mod\golang.org\toolchain@v0.0.1-go1.24.11.windows-amd64\src\net\http\httptrace)
C:\Users\hanse\go\pkg\mod\golang.org\x\net@v0.48.0\http2\transport.go:24:2: package math/rand is not in std (C:\Users\hanse\go\pkg\mod\golang.org\toolchain@v0.0.1-go1.24.11.windows-amd64\src\math\rand)
C:\Users\hanse\go\pkg\mod\github.com\gin-gonic\gin@v1.10.0\recovery.go:15:2: package net/http/httputil is not in std (C:\Users\hanse\go\pkg\mod\golang.org\toolchain@v0.0.1-go1.24.11.windows-amd64\src\net\http\httputil)
C:\Users\hanse\go\pkg\mod\github.com\gin-gonic\gin@v1.10.0\gin.go:13:2: package path is not in std (C:\Users\hanse\go\pkg\mod\golang.org\toolchain@v0.0.1-go1.24.11.windows-amd64\src\path)
C:\Users\hanse\go\pkg\mod\github.com\golang-jwt\jwt\v5@v5.3.0\ecdsa.go:4:2: package crypto is not in std (C:\Users\hanse\go\pkg\mod\golang.org\toolchain@v0.0.1-go1.24.11.windows-amd64\src\crypto)
C:\Users\hanse\go\pkg\mod\github.com\golang-jwt\jwt\v5@v5.3.0\ecdsa.go:5:2: package crypto/ecdsa is not in std (C:\Users\hanse\go\pkg\mod\golang.org\toolchain@v0.0.1-go1.24.11.windows-amd64\src\crypto\ecdsa)
C:\Users\hanse\go\pkg\mod\github.com\golang-jwt\jwt\v5@v5.3.0\ed25519.go:5:2: package crypto/ed25519 is not in std (C:\Users\hanse\go\pkg\mod\golang.org\toolchain@v0.0.1-go1.24.11.windows-amd64\src\crypto\ed25519)
C:\Users\hanse\go\pkg\mod\github.com\golang-jwt\jwt\v5@v5.3.0\hmac.go:5:2: package crypto/hmac is not in std (C:\Users\hanse\go\pkg\mod\golang.org\toolchain@v0.0.1-go1.24.11.windows-amd64\src\crypto\hmac)
C:\Users\hanse\go\pkg\mod\github.com\golang-jwt\jwt\v5@v5.3.0\rsa.go:6:2: package crypto/rsa is not in std (C:\Users\hanse\go\pkg\mod\golang.org\toolchain@v0.0.1-go1.24.11.windows-amd64\src\crypto\rsa)
C:\Users\hanse\go\pkg\mod\github.com\golang-jwt\jwt\v5@v5.3.0\ecdsa_utils.go:5:2: package crypto/x509 is not in std (C:\Users\hanse\go\pkg\mod\golang.org\toolchain@v0.0.1-go1.24.11.windows-amd64\src\crypto\x509)
C:\Users\hanse\go\pkg\mod\github.com\golang-jwt\jwt\v5@v5.3.0\ecdsa_utils.go:6:2: package encoding/pem is not in std (C:\Users\hanse\go\pkg\mod\golang.org\toolchain@v0.0.1-go1.24.11.windows-amd64\src\encoding\pem)
C:\Users\hanse\go\pkg\mod\github.com\golang-jwt\jwt\v5@v5.3.0\ecdsa.go:8:2: package math/big is not in std (C:\Users\hanse\go\pkg\mod\golang.org\toolchain@v0.0.1-go1.24.11.windows-amd64\src\math\big)
C:\Users\hanse\go\pkg\mod\github.com\google\uuid@v1.6.0\hash.go:8:2: package crypto/md5 is not in std (C:\Users\hanse\go\pkg\mod\golang.org\toolchain@v0.0.1-go1.24.11.windows-amd64\src\crypto\md5)
C:\Users\hanse\go\pkg\mod\github.com\google\uuid@v1.6.0\hash.go:9:2: package crypto/sha1 is not in std (C:\Users\hanse\go\pkg\mod\golang.org\toolchain@v0.0.1-go1.24.11.windows-amd64\src\crypto\sha1)
C:\Users\hanse\go\pkg\mod\github.com\google\uuid@v1.6.0\null.go:9:2: package database/sql/driver is not in std (C:\Users\hanse\go\pkg\mod\golang.org\toolchain@v0.0.1-go1.24.11.windows-amd64\src\database\sql\driver)
